Flow report for FinalDesign
Wed May 31 13:43:49 2023
Quartus Prime Version 20.1.0 Build 711 06/05/2020 SJ Standard Edition


---------------------
; Table of Contents ;
---------------------
  1. Legal Notice
  2. Flow Summary
  3. Flow Settings
  4. Flow Non-Default Global Settings
  5. Flow Elapsed Time
  6. Flow OS Summary
  7. Flow Log
  8. Flow Messages
  9. Flow Suppressed Messages



----------------
; Legal Notice ;
----------------
Copyright (C) 2020  Intel Corporation. All rights reserved.
Your use of Intel Corporation's design tools, logic functions 
and other software and tools, and any partner logic 
functions, and any output files from any of the foregoing 
(including device programming or simulation files), and any 
associated documentation or information are expressly subject 
to the terms and conditions of the Intel Program License 
Subscription Agreement, the Intel Quartus Prime License Agreement,
the Intel FPGA IP License Agreement, or other applicable license
agreement, including, without limitation, that your use is for
the sole purpose of programming logic devices manufactured by
Intel and sold by Intel or its authorized distributors.  Please
refer to the applicable agreement for further details, at
https://fpgasoftware.intel.com/eula.



+-----------------------------------------------------------------------------------+
; Flow Summary                                                                      ;
+---------------------------------+-------------------------------------------------+
; Flow Status                     ; Successful - Wed May 31 13:43:49 2023           ;
; Quartus Prime Version           ; 20.1.0 Build 711 06/05/2020 SJ Standard Edition ;
; Revision Name                   ; FinalDesign                                     ;
; Top-level Entity Name           ; FinalDesign                                     ;
; Family                          ; Cyclone V                                       ;
; Device                          ; 5CSEMA5F31C6                                    ;
; Timing Models                   ; Final                                           ;
; Logic utilization (in ALMs)     ; 4,583 / 32,070 ( 14 % )                         ;
; Total registers                 ; 8886                                            ;
; Total pins                      ; 73 / 457 ( 16 % )                               ;
; Total virtual pins              ; 0                                               ;
; Total block memory bits         ; 131,072 / 4,065,280 ( 3 % )                     ;
; Total DSP Blocks                ; 64 / 87 ( 74 % )                                ;
; Total HSSI RX PCSs              ; 0                                               ;
; Total HSSI PMA RX Deserializers ; 0                                               ;
; Total HSSI TX PCSs              ; 0                                               ;
; Total HSSI PMA TX Serializers   ; 0                                               ;
; Total PLLs                      ; 1 / 6 ( 17 % )                                  ;
; Total DLLs                      ; 1 / 4 ( 25 % )                                  ;
+---------------------------------+-------------------------------------------------+


+-----------------------------------------+
; Flow Settings                           ;
+-------------------+---------------------+
; Option            ; Setting             ;
+-------------------+---------------------+
; Start date & time ; 05/31/2023 13:37:39 ;
; Main task         ; Compilation         ;
; Revision Name     ; FinalDesign         ;
+-------------------+---------------------+


+--------------------------------------------------------------------------------------------------------------------------------------------+
; Flow Non-Default Global Settings                                                                                                           ;
+----------------------------------------------------+----------------------------------------+---------------+-------------+----------------+
; Assignment Name                                    ; Value                                  ; Default Value ; Entity Name ; Section Id     ;
+----------------------------------------------------+----------------------------------------+---------------+-------------+----------------+
; COMPILER_SIGNATURE_ID                              ; 2222737845120.168556545705028          ; --            ; --          ; --             ;
; ECO_REGENERATE_REPORT                              ; On                                     ; Off           ; --          ; --             ;
; EDA_OUTPUT_DATA_FORMAT                             ; Verilog Hdl                            ; --            ; --          ; eda_simulation ;
; EDA_SIMULATION_TOOL                                ; ModelSim-Altera (Verilog)              ; <None>        ; --          ; --             ;
; EDA_TIME_SCALE                                     ; 1 ps                                   ; --            ; --          ; eda_simulation ;
; FITTER_EFFORT                                      ; Standard Fit                           ; Auto Fit      ; --          ; --             ;
; MAX_CORE_JUNCTION_TEMP                             ; 85                                     ; --            ; --          ; --             ;
; MIN_CORE_JUNCTION_TEMP                             ; 0                                      ; --            ; --          ; --             ;
; MISC_FILE                                          ; NewAdd.bsf                             ; --            ; --          ; --             ;
; MISC_FILE                                          ; NewAdd_inst.v                          ; --            ; --          ; --             ;
; MISC_FILE                                          ; NewAdd_bb.v                            ; --            ; --          ; --             ;
; OPTIMIZATION_MODE                                  ; High Performance Effort                ; Balanced      ; --          ; --             ;
; PARTITION_COLOR                                    ; -- (Not supported for targeted family) ; --            ; --          ; Top            ;
; PARTITION_FITTER_PRESERVATION_LEVEL                ; -- (Not supported for targeted family) ; --            ; --          ; Top            ;
; PARTITION_NETLIST_TYPE                             ; -- (Not supported for targeted family) ; --            ; --          ; Top            ;
; PHYSICAL_SYNTHESIS_COMBO_LOGIC                     ; On                                     ; Off           ; --          ; --             ;
; PHYSICAL_SYNTHESIS_REGISTER_RETIMING               ; On                                     ; Off           ; --          ; --             ;
; PLACEMENT_EFFORT_MULTIPLIER                        ; 4.0                                    ; 1.0           ; --          ; --             ;
; POWER_BOARD_THERMAL_MODEL                          ; None (CONSERVATIVE)                    ; --            ; --          ; --             ;
; POWER_DEFAULT_INPUT_IO_TOGGLE_RATE                 ; 11100000TRANSITIONS/S                  ; 12.5%         ; --          ; --             ;
; POWER_HPS_ENABLE                                   ; On                                     ; Off           ; --          ; --             ;
; POWER_HPS_PROC_FREQ                                ; 800.000000                             ; 0.0           ; --          ; --             ;
; POWER_PRESET_COOLING_SOLUTION                      ; No Heat Sink With Still Air            ; --            ; --          ; --             ;
; PROJECT_OUTPUT_DIRECTORY                           ; output_files                           ; --            ; --          ; --             ;
; ROUTER_TIMING_OPTIMIZATION_LEVEL                   ; MAXIMUM                                ; Normal        ; --          ; --             ;
; USE_CHECKERED_PATTERN_AS_UNINITIALIZED_RAM_CONTENT ; 0000                                   ; Off           ; --          ; --             ;
; USE_DLL_FREQUENCY_FOR_DQS_DELAY_CHAIN              ; On                                     ; Off           ; --          ; --             ;
+----------------------------------------------------+----------------------------------------+---------------+-------------+----------------+


+--------------------------------------------------------------------------------------------------------------------------+
; Flow Elapsed Time                                                                                                        ;
+----------------------+--------------+-------------------------+---------------------+------------------------------------+
; Module Name          ; Elapsed Time ; Average Processors Used ; Peak Virtual Memory ; Total CPU Time (on all processors) ;
+----------------------+--------------+-------------------------+---------------------+------------------------------------+
; Analysis & Synthesis ; 00:01:26     ; 1.6                     ; 5149 MB             ; 00:02:16                           ;
; Fitter               ; 00:02:43     ; 1.3                     ; 8213 MB             ; 00:12:10                           ;
; Assembler            ; 00:00:09     ; 1.0                     ; 4977 MB             ; 00:00:07                           ;
; Timing Analyzer      ; 00:00:20     ; 2.1                     ; 5830 MB             ; 00:00:38                           ;
; EDA Netlist Writer   ; 00:00:04     ; 1.0                     ; 5057 MB             ; 00:00:03                           ;
; Total                ; 00:04:42     ; --                      ; --                  ; 00:15:14                           ;
+----------------------+--------------+-------------------------+---------------------+------------------------------------+


+------------------------------------------------------------------------------------+
; Flow OS Summary                                                                    ;
+----------------------+------------------+------------+------------+----------------+
; Module Name          ; Machine Hostname ; OS Name    ; OS Version ; Processor type ;
+----------------------+------------------+------------+------------+----------------+
; Analysis & Synthesis ; Austin-PC        ; Windows 10 ; 10.0       ; x86_64         ;
; Fitter               ; Austin-PC        ; Windows 10 ; 10.0       ; x86_64         ;
; Assembler            ; Austin-PC        ; Windows 10 ; 10.0       ; x86_64         ;
; Timing Analyzer      ; Austin-PC        ; Windows 10 ; 10.0       ; x86_64         ;
; EDA Netlist Writer   ; Austin-PC        ; Windows 10 ; 10.0       ; x86_64         ;
+----------------------+------------------+------------+------------+----------------+


------------
; Flow Log ;
------------
quartus_map --read_settings_files=on --write_settings_files=off FinalDesign -c FinalDesign
quartus_fit --read_settings_files=on --write_settings_files=off FinalDesign -c FinalDesign
quartus_asm --read_settings_files=on --write_settings_files=off FinalDesign -c FinalDesign
quartus_sta FinalDesign -c FinalDesign
quartus_eda --read_settings_files=on --write_settings_files=off FinalDesign -c FinalDesign



