Info: Starting: Create simulation model
Info: qsys-generate C:\Users\Kille\Desktop\Design\systemfinal.qsys --simulation=VERILOG --allow-mixed-language-simulation --output-directory=C:\Users\Kille\Desktop\Design\systemfinal\simulation --family="Cyclone V" --part=5CSEMA5F31C6
Progress: Loading Design/systemfinal.qsys
Progress: Reading input file
Progress: Adding ARM_A9_HPS [altera_hps 20.1]
Progress: Parameterizing module ARM_A9_HPS
Progress: Adding Onship_SRAM [altera_avalon_onchip_memory2 20.1]
Progress: Parameterizing module Onship_SRAM
Progress: Adding System_PLL [altera_up_avalon_sys_sdram_pll 18.0]
Progress: Parameterizing module System_PLL
Progress: Adding clock_bridge_0 [altera_clock_bridge 20.1]
Progress: Parameterizing module clock_bridge_0
Progress: Adding clock_bridge_1 [altera_clock_bridge 20.1]
Progress: Parameterizing module clock_bridge_1
Progress: Adding control_to_FPGA [altera_avalon_pio 20.1]
Progress: Parameterizing module control_to_FPGA
Progress: Adding control_to_HPS [altera_avalon_pio 20.1]
Progress: Parameterizing module control_to_HPS
Progress: Building connections
Progress: Parameterizing connections
Progress: Validating
Progress: Done reading input file
Info: systemfinal.ARM_A9_HPS: HPS Main PLL counter settings: n = 0  m = 73
Info: systemfinal.ARM_A9_HPS: HPS peripherial PLL counter settings: n = 0  m = 39
Warning: systemfinal.ARM_A9_HPS: "Configuration/HPS-to-FPGA user 0 clock frequency" (desired_cfg_clk_mhz) requested 100.0 MHz, but only achieved 97.368421 MHz
Warning: systemfinal.ARM_A9_HPS: 1 or more output clock frequencies cannot be achieved precisely, consider revising desired output clock frequencies.
Warning: systemfinal.ARM_A9_HPS: set_interface_assignment: Interface "hps_io" does not exist
Info: systemfinal.System_PLL: Refclk Freq: 50.0
Info: systemfinal.control_to_HPS: PIO inputs are not hardwired in test bench. Undefined values will be read from PIO inputs during simulation.
Warning: systemfinal.: You have exported the interface Onship_SRAM.s1 but not its associated reset interface.  Export the driver(s) of Onship_SRAM.reset1
Info: systemfinal: Generating systemfinal "systemfinal" for SIM_VERILOG
Info: Interconnect is inserted between master ARM_A9_HPS.h2f_axi_master and slave Onship_SRAM.s2 because the master is of type axi and the slave is of type avalon.
Warning: ARM_A9_HPS.f2h_irq0: Cannot connect clock for irq_mapper.sender
Warning: ARM_A9_HPS.f2h_irq0: Cannot connect reset for irq_mapper.sender
Warning: ARM_A9_HPS.f2h_irq1: Cannot connect clock for irq_mapper_001.sender
Warning: ARM_A9_HPS.f2h_irq1: Cannot connect reset for irq_mapper_001.sender
Info: ARM_A9_HPS: "Running  for module: ARM_A9_HPS"
Info: ARM_A9_HPS: HPS Main PLL counter settings: n = 0  m = 73
Info: ARM_A9_HPS: HPS peripherial PLL counter settings: n = 0  m = 39
Warning: ARM_A9_HPS: "Configuration/HPS-to-FPGA user 0 clock frequency" (desired_cfg_clk_mhz) requested 100.0 MHz, but only achieved 97.368421 MHz
Warning: ARM_A9_HPS: 1 or more output clock frequencies cannot be achieved precisely, consider revising desired output clock frequencies.
Warning: ARM_A9_HPS: set_interface_assignment: Interface "hps_io" does not exist
Info: ARM_A9_HPS: "systemfinal" instantiated altera_hps "ARM_A9_HPS"
Info: Onship_SRAM: Starting RTL generation for module 'systemfinal_Onship_SRAM'
Info: Onship_SRAM:   Generation command is [exec C:/intelfpga/20.1/quartus/bin64/perl/bin/perl.exe -I C:/intelfpga/20.1/quartus/bin64/perl/lib -I C:/intelfpga/20.1/quartus/sopc_builder/bin/europa -I C:/intelfpga/20.1/quartus/sopc_builder/bin -I C:/intelfpga/20.1/quartus/../ip/altera/sopc_builder_ip/common -I C:/intelfpga/20.1/quartus/../ip/altera/sopc_builder_ip/altera_avalon_onchip_memory2 -- C:/intelfpga/20.1/quartus/../ip/altera/sopc_builder_ip/altera_avalon_onchip_memory2/generate_rtl.pl --name=systemfinal_Onship_SRAM --dir=C:/Users/Kille/AppData/Local/Temp/alt9497_8959242955283840666.dir/0002_Onship_SRAM_gen/ --quartus_dir=C:/intelfpga/20.1/quartus --verilog --config=C:/Users/Kille/AppData/Local/Temp/alt9497_8959242955283840666.dir/0002_Onship_SRAM_gen//systemfinal_Onship_SRAM_component_configuration.pl  --do_build_sim=1    --sim_dir=C:/Users/Kille/AppData/Local/Temp/alt9497_8959242955283840666.dir/0002_Onship_SRAM_gen/  ]
Info: Onship_SRAM: Done RTL generation for module 'systemfinal_Onship_SRAM'
Info: Onship_SRAM: "systemfinal" instantiated altera_avalon_onchip_memory2 "Onship_SRAM"
Info: System_PLL: "systemfinal" instantiated altera_up_avalon_sys_sdram_pll "System_PLL"
Info: control_to_FPGA: Starting RTL generation for module 'systemfinal_control_to_FPGA'
Info: control_to_FPGA:   Generation command is [exec C:/intelfpga/20.1/quartus/bin64/perl/bin/perl.exe -I C:/intelfpga/20.1/quartus/bin64/perl/lib -I C:/intelfpga/20.1/quartus/sopc_builder/bin/europa -I C:/intelfpga/20.1/quartus/sopc_builder/bin -I C:/intelfpga/20.1/quartus/../ip/altera/sopc_builder_ip/common -I C:/intelfpga/20.1/quartus/../ip/altera/sopc_builder_ip/altera_avalon_pio -- C:/intelfpga/20.1/quartus/../ip/altera/sopc_builder_ip/altera_avalon_pio/generate_rtl.pl --name=systemfinal_control_to_FPGA --dir=C:/Users/Kille/AppData/Local/Temp/alt9497_8959242955283840666.dir/0003_control_to_FPGA_gen/ --quartus_dir=C:/intelfpga/20.1/quartus --verilog --config=C:/Users/Kille/AppData/Local/Temp/alt9497_8959242955283840666.dir/0003_control_to_FPGA_gen//systemfinal_control_to_FPGA_component_configuration.pl  --do_build_sim=1    --sim_dir=C:/Users/Kille/AppData/Local/Temp/alt9497_8959242955283840666.dir/0003_control_to_FPGA_gen/  ]
Info: control_to_FPGA: Done RTL generation for module 'systemfinal_control_to_FPGA'
Info: control_to_FPGA: "systemfinal" instantiated altera_avalon_pio "control_to_FPGA"
Info: control_to_HPS: Starting RTL generation for module 'systemfinal_control_to_HPS'
Info: control_to_HPS:   Generation command is [exec C:/intelfpga/20.1/quartus/bin64/perl/bin/perl.exe -I C:/intelfpga/20.1/quartus/bin64/perl/lib -I C:/intelfpga/20.1/quartus/sopc_builder/bin/europa -I C:/intelfpga/20.1/quartus/sopc_builder/bin -I C:/intelfpga/20.1/quartus/../ip/altera/sopc_builder_ip/common -I C:/intelfpga/20.1/quartus/../ip/altera/sopc_builder_ip/altera_avalon_pio -- C:/intelfpga/20.1/quartus/../ip/altera/sopc_builder_ip/altera_avalon_pio/generate_rtl.pl --name=systemfinal_control_to_HPS --dir=C:/Users/Kille/AppData/Local/Temp/alt9497_8959242955283840666.dir/0004_control_to_HPS_gen/ --quartus_dir=C:/intelfpga/20.1/quartus --verilog --config=C:/Users/Kille/AppData/Local/Temp/alt9497_8959242955283840666.dir/0004_control_to_HPS_gen//systemfinal_control_to_HPS_component_configuration.pl  --do_build_sim=1    --sim_dir=C:/Users/Kille/AppData/Local/Temp/alt9497_8959242955283840666.dir/0004_control_to_HPS_gen/  ]
Info: control_to_HPS: Done RTL generation for module 'systemfinal_control_to_HPS'
Info: control_to_HPS: "systemfinal" instantiated altera_avalon_pio "control_to_HPS"
Info: avalon_st_adapter: Inserting error_adapter: error_adapter_0
Info: mm_interconnect_0: "systemfinal" instantiated altera_mm_interconnect "mm_interconnect_0"
Info: avalon_st_adapter: Inserting error_adapter: error_adapter_0
Info: avalon_st_adapter_001: Inserting error_adapter: error_adapter_0
Info: mm_interconnect_1: "systemfinal" instantiated altera_mm_interconnect "mm_interconnect_1"
Info: irq_mapper: "systemfinal" instantiated altera_irq_mapper "irq_mapper"
Info: rst_controller: "systemfinal" instantiated altera_reset_controller "rst_controller"
Info: fpga_interfaces: "ARM_A9_HPS" instantiated altera_interface_generator "fpga_interfaces"
Info: hps_io: "ARM_A9_HPS" instantiated altera_hps_io "hps_io"
Info: sys_pll: Generating simgen model
Info: sys_pll: Info: ******************************************************************* Info: Running Quartus Prime Shell     Info: Version 20.1.0 Build 711 06/05/2020 SJ Standard Edition     Info: Copyright (C) 2020  Intel Corporation. All rights reserved.     Info: Your use of Intel Corporation's design tools, logic functions      Info: and other software and tools, and any partner logic      Info: functions, and any output files from any of the foregoing      Info: (including device programming or simulation files), and any      Info: associated documentation or information are expressly subject      Info: to the terms and conditions of the Intel Program License      Info: Subscription Agreement, the Intel Quartus Prime License Agreement,     Info: the Intel FPGA IP License Agreement, or other applicable license     Info: agreement, including, without limitation, that your use is for     Info: the sole purpose of programming logic devices manufactured by     Info: Intel and sold by Intel or its authorized distributors.  Please     Info: refer to the applicable agreement for further details, at     Info: https://fpgasoftware.intel.com/eula.     Info: Processing started: Fri May 19 23:27:35 2023 Info: Command: quartus_sh -t run_simgen_cmd.tcl Info: ******************************************************************* Info: Running Quartus Prime Analysis & Synthesis     Info: Version 20.1.0 Build 711 06/05/2020 SJ Standard Edition     Info: Copyright (C) 2020  Intel Corporation. All rights reserved.     Info: Your use of Intel Corporation's design tools, logic functions      Info: and other software and tools, and any partner logic      Info: functions, and any output files from any of the foregoing      Info: (including device programming or simulation files), and any      Info: associated documentation or information are expressly subject      Info: to the terms and conditions of the Intel Program License      Info: Subscription Agreement, the Intel Quartus Prime License Agreement,     Info: the Intel FPGA IP License Agreement, or other applicable license     Info: agreement, including, without limitation, that your use is for     Info: the sole purpose of programming logic devices manufactured by     Info: Intel and sold by Intel or its authorized distributors.  Please     Info: refer to the applicable agreement for further details, at     Info: https://fpgasoftware.intel.com/eula.     Info: Processing started: Fri May 19 23:27:35 2023 Info: Command: quartus_map systemfinal_System_PLL_sys_pll.qpf --simgen --ini=disable_check_quartus_compatibility_qsys_only=on --simgen_parameter=CBX_HDL_LANGUAGE=VERILOG Info (20034): Auto device selection is not supported for Cyclone V device family. The default device, 5CGXFC7C7F23C8, is set. Warning (18236): Number of processors has not been specified which may cause overloading on shared machines.  Set the global assignment NUM_PARALLEL_PROCESSORS in your QSF to an appropriate value for best performance. Info (20030): Parallel compilation is enabled and will use 8 of the 8 processors detected Info (12021): Found 1 design units, including 1 entities, in source file systemfinal_system_pll_sys_pll.v     Info (12023): Found entity 1: systemfinal_System_PLL_sys_pll File: C:/Users/Kille/AppData/Local/Temp/alt9497_8959242955283840666.dir/0008_sys_pll_gen/systemfinal_System_PLL_sys_pll.v Line: 2 Info (12127): Elaborating entity "systemfinal_System_PLL_sys_pll" for the top level hierarchy Info (12128): Elaborating entity "altera_pll" for hierarchy "altera_pll:altera_pll_i" File: C:/Users/Kille/AppData/Local/Temp/alt9497_8959242955283840666.dir/0008_sys_pll_gen/systemfinal_System_PLL_sys_pll.v Line: 88 Info (10008): Verilog HDL or VHDL information: EDA Netlist Writer cannot regroup multidimensional array "wire_to_nowhere_64" into its bus Info (12130): Elaborated megafunction instantiation "altera_pll:altera_pll_i" File: C:/Users/Kille/AppData/Local/Temp/alt9497_8959242955283840666.dir/0008_sys_pll_gen/systemfinal_System_PLL_sys_pll.v Line: 88 Info (12133): Instantiated megafunction "altera_pll:altera_pll_i" with the following parameter: File: C:/Users/Kille/AppData/Local/Temp/alt9497_8959242955283840666.dir/0008_sys_pll_gen/systemfinal_System_PLL_sys_pll.v Line: 88     Info (12134): Parameter "fractional_vco_multiplier" = "false"     Info (12134): Parameter "reference_clock_frequency" = "50.0 MHz"     Info (12134): Parameter "operation_mode" = "direct"     Info (12134): Parameter "number_of_clocks" = "2"     Info (12134): Parameter "output_clock_frequency0" = "100.000000 MHz"     Info (12134): Parameter "phase_shift0" = "0 ps"     Info (12134): Parameter "duty_cycle0" = "50"     Info (12134): Parameter "output_clock_frequency1" = "100.000000 MHz"     Info (12134): Parameter "phase_shift1" = "-3000 ps"     Info (12134): Parameter "duty_cycle1" = "50"     Info (12134): Parameter "output_clock_frequency2" = "0 MHz"     Info (12134): Parameter "phase_shift2" = "0 ps"     Info (12134): Parameter "duty_cycle2" = "50"     Info (12134): Parameter "output_clock_frequency3" = "0 MHz"     Info (12134): Parameter "phase_shift3" = "0 ps"     Info (12134): Parameter "duty_cycle3" = "50"     Info (12134): Parameter "output_clock_frequency4" = "0 MHz"     Info (12134): Parameter "phase_shift4" = "0 ps"     Info (12134): Parameter "duty_cycle4" = "50"     Info (12134): Parameter "output_clock_frequency5" = "0 MHz"     Info (12134): Parameter "phase_shift5" = "0 ps"     Info (12134): Parameter "duty_cycle5" = "50"     Info (12134): Parameter "output_clock_frequency6" = "0 MHz"     Info (12134): Parameter "phase_shift6" = "0 ps"     Info (12134): Parameter "duty_cycle6" = "50"     Info (12134): Parameter "output_clock_frequency7" = "0 MHz"     Info (12134): Parameter "phase_shift7" = "0 ps"     Info (12134): Parameter "duty_cycle7" = "50"     Info (12134): Parameter "output_clock_frequency8" = "0 MHz"     Info (12134): Parameter "phase_shift8" = "0 ps"     Info (12134): Parameter "duty_cycle8" = "50"     Info (12134): Parameter "output_clock_frequency9" = "0 MHz"     Info (12134): Parameter "phase_shift9" = "0 ps"     Info (12134): Parameter "duty_cycle9" = "50"     Info (12134): Parameter "output_clock_frequency10" = "0 MHz"     Info (12134): Parameter "phase_shift10" = "0 ps"     Info (12134): Parameter "duty_cycle10" = "50"     Info (12134): Parameter "output_clock_frequency11" = "0 MHz"     Info (12134): Parameter "phase_shift11" = "0 ps"     Info (12134): Parameter "duty_cycle11" = "50"     Info (12134): Parameter "output_clock_frequency12" = "0 MHz"     Info (12134): Parameter "phase_shift12" = "0 ps"     Info (12134): Parameter "duty_cycle12" = "50"     Info (12134): Parameter "output_clock_frequency13" = "0 MHz"     Info (12134): Parameter "phase_shift13" = "0 ps"     Info (12134): Parameter "duty_cycle13" = "50"     Info (12134): Parameter "output_clock_frequency14" = "0 MHz"     Info (12134): Parameter "phase_shift14" = "0 ps"     Info (12134): Parameter "duty_cycle14" = "50"     Info (12134): Parameter "output_clock_frequency15" = "0 MHz"     Info (12134): Parameter "phase_shift15" = "0 ps"     Info (12134): Parameter "duty_cycle15" = "50"     Info (12134): Parameter "output_clock_frequency16" = "0 MHz"     Info (12134): Parameter "phase_shift16" = "0 ps"     Info (12134): Parameter "duty_cycle16" = "50"     Info (12134): Parameter "output_clock_frequency17" = "0 MHz"     Info (12134): Parameter "phase_shift17" = "0 ps"     Info (12134): Parameter "duty_cycle17" = "50"     Info (12134): Parameter "pll_type" = "General"     Info (12134): Parameter "pll_subtype" = "General" Info (281010): Generating sgate simulator netlist using Simgen SIMGEN_PROGRESS Start of Model generation -- 0% complete SIMGEN_PROGRESS Phase 1 : Internal Objects created -- 25% complete SIMGEN_PROGRESS Phase 2 : Connections between internal objects made -- 60% complete SIMGEN_PROGRESS Phase 3 : Netlist generated -- 100% complete Info: Quartus Prime Analysis & Synthesis was successful. 0 errors, 1 warning     Info: Peak virtual memory: 4780 megabytes     Info: Processing ended: Fri May 19 23:27:41 2023     Info: Elapsed time: 00:00:06     Info: Total CPU time (on all processors): 00:00:01 Info (23030): Evaluation of Tcl script run_simgen_cmd.tcl was successful Info: Quartus Prime Shell was successful. 0 errors, 0 warnings     Info: Peak virtual memory: 4656 megabytes     Info: Processing ended: Fri May 19 23:27:41 2023     Info: Elapsed time: 00:00:06     Info: Total CPU time (on all processors): 00:00:01
Info: sys_pll: Simgen was successful
Info: sys_pll: "System_PLL" instantiated altera_pll "sys_pll"
Info: reset_from_locked: "System_PLL" instantiated altera_up_avalon_reset_from_locked_signal "reset_from_locked"
Info: Onship_SRAM_s2_translator: "mm_interconnect_0" instantiated altera_merlin_slave_translator "Onship_SRAM_s2_translator"
Info: ARM_A9_HPS_h2f_axi_master_agent: "mm_interconnect_0" instantiated altera_merlin_axi_master_ni "ARM_A9_HPS_h2f_axi_master_agent"
Info: Onship_SRAM_s2_agent: "mm_interconnect_0" instantiated altera_merlin_slave_agent "Onship_SRAM_s2_agent"
Info: Onship_SRAM_s2_agent_rsp_fifo: "mm_interconnect_0" instantiated altera_avalon_sc_fifo "Onship_SRAM_s2_agent_rsp_fifo"
Info: router: "mm_interconnect_0" instantiated altera_merlin_router "router"
Info: router_002: "mm_interconnect_0" instantiated altera_merlin_router "router_002"
Info: Onship_SRAM_s2_burst_adapter: "mm_interconnect_0" instantiated altera_merlin_burst_adapter "Onship_SRAM_s2_burst_adapter"
Info: Reusing file C:/Users/Kille/Desktop/Design/systemfinal/simulation/submodules/altera_merlin_address_alignment.sv
Info: cmd_demux: "mm_interconnect_0" instantiated altera_merlin_demultiplexer "cmd_demux"
Info: cmd_mux: "mm_interconnect_0" instantiated altera_merlin_multiplexer "cmd_mux"
Info: rsp_demux: "mm_interconnect_0" instantiated altera_merlin_demultiplexer "rsp_demux"
Info: rsp_mux: "mm_interconnect_0" instantiated altera_merlin_multiplexer "rsp_mux"
Info: Reusing file C:/Users/Kille/Desktop/Design/systemfinal/simulation/submodules/altera_merlin_arbitrator.sv
Info: Onship_SRAM_s2_rsp_width_adapter: "mm_interconnect_0" instantiated altera_merlin_width_adapter "Onship_SRAM_s2_rsp_width_adapter"
Info: Reusing file C:/Users/Kille/Desktop/Design/systemfinal/simulation/submodules/altera_merlin_address_alignment.sv
Info: Reusing file C:/Users/Kille/Desktop/Design/systemfinal/simulation/submodules/altera_merlin_burst_uncompressor.sv
Info: avalon_st_adapter: "mm_interconnect_0" instantiated altera_avalon_st_adapter "avalon_st_adapter"
Info: router: "mm_interconnect_1" instantiated altera_merlin_router "router"
Info: router_002: "mm_interconnect_1" instantiated altera_merlin_router "router_002"
Info: ARM_A9_HPS_h2f_lw_axi_master_wr_limiter: "mm_interconnect_1" instantiated altera_merlin_traffic_limiter "ARM_A9_HPS_h2f_lw_axi_master_wr_limiter"
Info: Reusing file C:/Users/Kille/Desktop/Design/systemfinal/simulation/submodules/altera_avalon_sc_fifo.v
Info: Reusing file C:/Users/Kille/Desktop/Design/systemfinal/simulation/submodules/altera_avalon_st_pipeline_base.v
Info: cmd_demux: "mm_interconnect_1" instantiated altera_merlin_demultiplexer "cmd_demux"
Info: cmd_mux: "mm_interconnect_1" instantiated altera_merlin_multiplexer "cmd_mux"
Info: Reusing file C:/Users/Kille/Desktop/Design/systemfinal/simulation/submodules/altera_merlin_arbitrator.sv
Info: rsp_demux: "mm_interconnect_1" instantiated altera_merlin_demultiplexer "rsp_demux"
Info: rsp_mux: "mm_interconnect_1" instantiated altera_merlin_multiplexer "rsp_mux"
Info: Reusing file C:/Users/Kille/Desktop/Design/systemfinal/simulation/submodules/altera_merlin_arbitrator.sv
Info: border: "hps_io" instantiated altera_interface_generator "border"
Info: Reusing file C:/Users/Kille/Desktop/Design/systemfinal/simulation/submodules/verbosity_pkg.sv
Info: Reusing file C:/Users/Kille/Desktop/Design/systemfinal/simulation/submodules/avalon_utilities_pkg.sv
Info: Reusing file C:/Users/Kille/Desktop/Design/systemfinal/simulation/submodules/avalon_mm_pkg.sv
Info: Reusing file C:/Users/Kille/Desktop/Design/systemfinal/simulation/submodules/altera_avalon_mm_slave_bfm.sv
Info: Reusing file C:/Users/Kille/Desktop/Design/systemfinal/simulation/submodules/altera_avalon_interrupt_sink.sv
Info: Reusing file C:/Users/Kille/Desktop/Design/systemfinal/simulation/submodules/altera_avalon_clock_source.sv
Info: Reusing file C:/Users/Kille/Desktop/Design/systemfinal/simulation/submodules/altera_avalon_reset_source.sv
Info: error_adapter_0: "avalon_st_adapter" instantiated error_adapter "error_adapter_0"
Info: systemfinal: Done "systemfinal" with 36 modules, 62 files
Info: qsys-generate succeeded.
Info: Finished: Create simulation model
Info: Starting: Create Modelsim Project.
Info: sim-script-gen --spd=C:\Users\Kille\Desktop\Design\systemfinal\systemfinal.spd --output-directory=C:/Users/Kille/Desktop/Design/systemfinal/simulation/ --use-relative-paths=true
Info: Doing: ip-make-simscript --spd=C:\Users\Kille\Desktop\Design\systemfinal\systemfinal.spd --output-directory=C:/Users/Kille/Desktop/Design/systemfinal/simulation/ --use-relative-paths=true
Info: Generating the following file(s) for MODELSIM simulator in C:/Users/Kille/Desktop/Design/systemfinal/simulation/ directory:
Info: 	mentor/msim_setup.tcl
Info: Generating the following file(s) for VCS simulator in C:/Users/Kille/Desktop/Design/systemfinal/simulation/ directory:
Info: 	synopsys/vcs/vcs_setup.sh
Info: Generating the following file(s) for VCSMX simulator in C:/Users/Kille/Desktop/Design/systemfinal/simulation/ directory:
Info: 	synopsys/vcsmx/synopsys_sim.setup
Info: 	synopsys/vcsmx/vcsmx_setup.sh
Info: Generating the following file(s) for NCSIM simulator in C:/Users/Kille/Desktop/Design/systemfinal/simulation/ directory:
Info: 	cadence/cds.lib
Info: 	cadence/hdl.var
Info: 	cadence/ncsim_setup.sh
Info: 	30 .cds.lib files in cadence/cds_libs/ directory
Info: Generating the following file(s) for RIVIERA simulator in C:/Users/Kille/Desktop/Design/systemfinal/simulation/ directory:
Info: 	aldec/rivierapro_setup.tcl
Info: For information on how to simulate your IP, see the explanatory comments in the simulator-specific subdirectories under C:/Users/Kille/Desktop/Design/systemfinal/simulation/.
Info: Regenerate these scripts whenever you make any change to any Quartus-generated IP in your project.
Info: Finished: Create Modelsim Project.
Info: Starting: Create block symbol file (.bsf)
Info: qsys-generate C:\Users\Kille\Desktop\Design\systemfinal.qsys --block-symbol-file --output-directory=C:\Users\Kille\Desktop\Design\systemfinal --family="Cyclone V" --part=5CSEMA5F31C6
Progress: Loading Design/systemfinal.qsys
Progress: Reading input file
Progress: Adding ARM_A9_HPS [altera_hps 20.1]
Progress: Parameterizing module ARM_A9_HPS
Progress: Adding Onship_SRAM [altera_avalon_onchip_memory2 20.1]
Progress: Parameterizing module Onship_SRAM
Progress: Adding System_PLL [altera_up_avalon_sys_sdram_pll 18.0]
Progress: Parameterizing module System_PLL
Progress: Adding clock_bridge_0 [altera_clock_bridge 20.1]
Progress: Parameterizing module clock_bridge_0
Progress: Adding clock_bridge_1 [altera_clock_bridge 20.1]
Progress: Parameterizing module clock_bridge_1
Progress: Adding control_to_FPGA [altera_avalon_pio 20.1]
Progress: Parameterizing module control_to_FPGA
Progress: Adding control_to_HPS [altera_avalon_pio 20.1]
Progress: Parameterizing module control_to_HPS
Progress: Building connections
Progress: Parameterizing connections
Progress: Validating
Progress: Done reading input file
Info: systemfinal.ARM_A9_HPS: HPS Main PLL counter settings: n = 0  m = 73
Info: systemfinal.ARM_A9_HPS: HPS peripherial PLL counter settings: n = 0  m = 39
Warning: systemfinal.ARM_A9_HPS: "Configuration/HPS-to-FPGA user 0 clock frequency" (desired_cfg_clk_mhz) requested 100.0 MHz, but only achieved 97.368421 MHz
Warning: systemfinal.ARM_A9_HPS: 1 or more output clock frequencies cannot be achieved precisely, consider revising desired output clock frequencies.
Warning: systemfinal.ARM_A9_HPS: set_interface_assignment: Interface "hps_io" does not exist
Info: systemfinal.System_PLL: Refclk Freq: 50.0
Info: systemfinal.control_to_HPS: PIO inputs are not hardwired in test bench. Undefined values will be read from PIO inputs during simulation.
Warning: systemfinal.: You have exported the interface Onship_SRAM.s1 but not its associated reset interface.  Export the driver(s) of Onship_SRAM.reset1
Info: qsys-generate succeeded.
Info: Finished: Create block symbol file (.bsf)
Info: 
Info: Starting: Create HDL design files for synthesis
Info: qsys-generate C:\Users\Kille\Desktop\Design\systemfinal.qsys --synthesis=VERILOG --output-directory=C:\Users\Kille\Desktop\Design\systemfinal\synthesis --family="Cyclone V" --part=5CSEMA5F31C6
Progress: Loading Design/systemfinal.qsys
Progress: Reading input file
Progress: Adding ARM_A9_HPS [altera_hps 20.1]
Progress: Parameterizing module ARM_A9_HPS
Progress: Adding Onship_SRAM [altera_avalon_onchip_memory2 20.1]
Progress: Parameterizing module Onship_SRAM
Progress: Adding System_PLL [altera_up_avalon_sys_sdram_pll 18.0]
Progress: Parameterizing module System_PLL
Progress: Adding clock_bridge_0 [altera_clock_bridge 20.1]
Progress: Parameterizing module clock_bridge_0
Progress: Adding clock_bridge_1 [altera_clock_bridge 20.1]
Progress: Parameterizing module clock_bridge_1
Progress: Adding control_to_FPGA [altera_avalon_pio 20.1]
Progress: Parameterizing module control_to_FPGA
Progress: Adding control_to_HPS [altera_avalon_pio 20.1]
Progress: Parameterizing module control_to_HPS
Progress: Building connections
Progress: Parameterizing connections
Progress: Validating
Progress: Done reading input file
Info: systemfinal.ARM_A9_HPS: HPS Main PLL counter settings: n = 0  m = 73
Info: systemfinal.ARM_A9_HPS: HPS peripherial PLL counter settings: n = 0  m = 39
Warning: systemfinal.ARM_A9_HPS: "Configuration/HPS-to-FPGA user 0 clock frequency" (desired_cfg_clk_mhz) requested 100.0 MHz, but only achieved 97.368421 MHz
Warning: systemfinal.ARM_A9_HPS: 1 or more output clock frequencies cannot be achieved precisely, consider revising desired output clock frequencies.
Warning: systemfinal.ARM_A9_HPS: set_interface_assignment: Interface "hps_io" does not exist
Info: systemfinal.System_PLL: Refclk Freq: 50.0
Info: systemfinal.control_to_HPS: PIO inputs are not hardwired in test bench. Undefined values will be read from PIO inputs during simulation.
Warning: systemfinal.: You have exported the interface Onship_SRAM.s1 but not its associated reset interface.  Export the driver(s) of Onship_SRAM.reset1
Info: systemfinal: Generating systemfinal "systemfinal" for QUARTUS_SYNTH
Info: Interconnect is inserted between master ARM_A9_HPS.h2f_axi_master and slave Onship_SRAM.s2 because the master is of type axi and the slave is of type avalon.
Warning: ARM_A9_HPS.f2h_irq0: Cannot connect clock for irq_mapper.sender
Warning: ARM_A9_HPS.f2h_irq0: Cannot connect reset for irq_mapper.sender
Warning: ARM_A9_HPS.f2h_irq1: Cannot connect clock for irq_mapper_001.sender
Warning: ARM_A9_HPS.f2h_irq1: Cannot connect reset for irq_mapper_001.sender
Info: ARM_A9_HPS: "Running  for module: ARM_A9_HPS"
Info: ARM_A9_HPS: HPS Main PLL counter settings: n = 0  m = 73
Info: ARM_A9_HPS: HPS peripherial PLL counter settings: n = 0  m = 39
Warning: ARM_A9_HPS: "Configuration/HPS-to-FPGA user 0 clock frequency" (desired_cfg_clk_mhz) requested 100.0 MHz, but only achieved 97.368421 MHz
Warning: ARM_A9_HPS: 1 or more output clock frequencies cannot be achieved precisely, consider revising desired output clock frequencies.
Warning: ARM_A9_HPS: set_interface_assignment: Interface "hps_io" does not exist
Info: ARM_A9_HPS: "systemfinal" instantiated altera_hps "ARM_A9_HPS"
Info: Onship_SRAM: Starting RTL generation for module 'systemfinal_Onship_SRAM'
Info: Onship_SRAM:   Generation command is [exec C:/intelfpga/20.1/quartus/bin64/perl/bin/perl.exe -I C:/intelfpga/20.1/quartus/bin64/perl/lib -I C:/intelfpga/20.1/quartus/sopc_builder/bin/europa -I C:/intelfpga/20.1/quartus/sopc_builder/bin -I C:/intelfpga/20.1/quartus/../ip/altera/sopc_builder_ip/common -I C:/intelfpga/20.1/quartus/../ip/altera/sopc_builder_ip/altera_avalon_onchip_memory2 -- C:/intelfpga/20.1/quartus/../ip/altera/sopc_builder_ip/altera_avalon_onchip_memory2/generate_rtl.pl --name=systemfinal_Onship_SRAM --dir=C:/Users/Kille/AppData/Local/Temp/alt9497_8959242955283840666.dir/0032_Onship_SRAM_gen/ --quartus_dir=C:/intelfpga/20.1/quartus --verilog --config=C:/Users/Kille/AppData/Local/Temp/alt9497_8959242955283840666.dir/0032_Onship_SRAM_gen//systemfinal_Onship_SRAM_component_configuration.pl  --do_build_sim=0  ]
Info: Onship_SRAM: Done RTL generation for module 'systemfinal_Onship_SRAM'
Info: Onship_SRAM: "systemfinal" instantiated altera_avalon_onchip_memory2 "Onship_SRAM"
Info: System_PLL: "systemfinal" instantiated altera_up_avalon_sys_sdram_pll "System_PLL"
Info: control_to_FPGA: Starting RTL generation for module 'systemfinal_control_to_FPGA'
Info: control_to_FPGA:   Generation command is [exec C:/intelfpga/20.1/quartus/bin64/perl/bin/perl.exe -I C:/intelfpga/20.1/quartus/bin64/perl/lib -I C:/intelfpga/20.1/quartus/sopc_builder/bin/europa -I C:/intelfpga/20.1/quartus/sopc_builder/bin -I C:/intelfpga/20.1/quartus/../ip/altera/sopc_builder_ip/common -I C:/intelfpga/20.1/quartus/../ip/altera/sopc_builder_ip/altera_avalon_pio -- C:/intelfpga/20.1/quartus/../ip/altera/sopc_builder_ip/altera_avalon_pio/generate_rtl.pl --name=systemfinal_control_to_FPGA --dir=C:/Users/Kille/AppData/Local/Temp/alt9497_8959242955283840666.dir/0033_control_to_FPGA_gen/ --quartus_dir=C:/intelfpga/20.1/quartus --verilog --config=C:/Users/Kille/AppData/Local/Temp/alt9497_8959242955283840666.dir/0033_control_to_FPGA_gen//systemfinal_control_to_FPGA_component_configuration.pl  --do_build_sim=0  ]
Info: control_to_FPGA: Done RTL generation for module 'systemfinal_control_to_FPGA'
Info: control_to_FPGA: "systemfinal" instantiated altera_avalon_pio "control_to_FPGA"
Info: control_to_HPS: Starting RTL generation for module 'systemfinal_control_to_HPS'
Info: control_to_HPS:   Generation command is [exec C:/intelfpga/20.1/quartus/bin64/perl/bin/perl.exe -I C:/intelfpga/20.1/quartus/bin64/perl/lib -I C:/intelfpga/20.1/quartus/sopc_builder/bin/europa -I C:/intelfpga/20.1/quartus/sopc_builder/bin -I C:/intelfpga/20.1/quartus/../ip/altera/sopc_builder_ip/common -I C:/intelfpga/20.1/quartus/../ip/altera/sopc_builder_ip/altera_avalon_pio -- C:/intelfpga/20.1/quartus/../ip/altera/sopc_builder_ip/altera_avalon_pio/generate_rtl.pl --name=systemfinal_control_to_HPS --dir=C:/Users/Kille/AppData/Local/Temp/alt9497_8959242955283840666.dir/0034_control_to_HPS_gen/ --quartus_dir=C:/intelfpga/20.1/quartus --verilog --config=C:/Users/Kille/AppData/Local/Temp/alt9497_8959242955283840666.dir/0034_control_to_HPS_gen//systemfinal_control_to_HPS_component_configuration.pl  --do_build_sim=0  ]
Info: control_to_HPS: Done RTL generation for module 'systemfinal_control_to_HPS'
Info: control_to_HPS: "systemfinal" instantiated altera_avalon_pio "control_to_HPS"
Info: avalon_st_adapter: Inserting error_adapter: error_adapter_0
Info: mm_interconnect_0: "systemfinal" instantiated altera_mm_interconnect "mm_interconnect_0"
Info: avalon_st_adapter: Inserting error_adapter: error_adapter_0
Info: avalon_st_adapter_001: Inserting error_adapter: error_adapter_0
Info: mm_interconnect_1: "systemfinal" instantiated altera_mm_interconnect "mm_interconnect_1"
Info: irq_mapper: "systemfinal" instantiated altera_irq_mapper "irq_mapper"
Info: rst_controller: "systemfinal" instantiated altera_reset_controller "rst_controller"
Info: fpga_interfaces: "ARM_A9_HPS" instantiated altera_interface_generator "fpga_interfaces"
Info: hps_io: "ARM_A9_HPS" instantiated altera_hps_io "hps_io"
Info: sys_pll: "System_PLL" instantiated altera_pll "sys_pll"
Info: reset_from_locked: "System_PLL" instantiated altera_up_avalon_reset_from_locked_signal "reset_from_locked"
Info: Onship_SRAM_s2_translator: "mm_interconnect_0" instantiated altera_merlin_slave_translator "Onship_SRAM_s2_translator"
Info: ARM_A9_HPS_h2f_axi_master_agent: "mm_interconnect_0" instantiated altera_merlin_axi_master_ni "ARM_A9_HPS_h2f_axi_master_agent"
Info: Onship_SRAM_s2_agent: "mm_interconnect_0" instantiated altera_merlin_slave_agent "Onship_SRAM_s2_agent"
Info: Onship_SRAM_s2_agent_rsp_fifo: "mm_interconnect_0" instantiated altera_avalon_sc_fifo "Onship_SRAM_s2_agent_rsp_fifo"
Info: router: "mm_interconnect_0" instantiated altera_merlin_router "router"
Info: router_002: "mm_interconnect_0" instantiated altera_merlin_router "router_002"
Info: Onship_SRAM_s2_burst_adapter: "mm_interconnect_0" instantiated altera_merlin_burst_adapter "Onship_SRAM_s2_burst_adapter"
Info: Reusing file C:/Users/Kille/Desktop/Design/systemfinal/synthesis/submodules/altera_merlin_address_alignment.sv
Info: cmd_demux: "mm_interconnect_0" instantiated altera_merlin_demultiplexer "cmd_demux"
Info: cmd_mux: "mm_interconnect_0" instantiated altera_merlin_multiplexer "cmd_mux"
Info: rsp_demux: "mm_interconnect_0" instantiated altera_merlin_demultiplexer "rsp_demux"
Info: rsp_mux: "mm_interconnect_0" instantiated altera_merlin_multiplexer "rsp_mux"
Info: Reusing file C:/Users/Kille/Desktop/Design/systemfinal/synthesis/submodules/altera_merlin_arbitrator.sv
Info: Onship_SRAM_s2_rsp_width_adapter: "mm_interconnect_0" instantiated altera_merlin_width_adapter "Onship_SRAM_s2_rsp_width_adapter"
Info: Reusing file C:/Users/Kille/Desktop/Design/systemfinal/synthesis/submodules/altera_merlin_address_alignment.sv
Info: Reusing file C:/Users/Kille/Desktop/Design/systemfinal/synthesis/submodules/altera_merlin_burst_uncompressor.sv
Info: avalon_st_adapter: "mm_interconnect_0" instantiated altera_avalon_st_adapter "avalon_st_adapter"
Info: router: "mm_interconnect_1" instantiated altera_merlin_router "router"
Info: router_002: "mm_interconnect_1" instantiated altera_merlin_router "router_002"
Info: ARM_A9_HPS_h2f_lw_axi_master_wr_limiter: "mm_interconnect_1" instantiated altera_merlin_traffic_limiter "ARM_A9_HPS_h2f_lw_axi_master_wr_limiter"
Info: Reusing file C:/Users/Kille/Desktop/Design/systemfinal/synthesis/submodules/altera_avalon_sc_fifo.v
Info: Reusing file C:/Users/Kille/Desktop/Design/systemfinal/synthesis/submodules/altera_avalon_st_pipeline_base.v
Info: cmd_demux: "mm_interconnect_1" instantiated altera_merlin_demultiplexer "cmd_demux"
Info: cmd_mux: "mm_interconnect_1" instantiated altera_merlin_multiplexer "cmd_mux"
Info: Reusing file C:/Users/Kille/Desktop/Design/systemfinal/synthesis/submodules/altera_merlin_arbitrator.sv
Info: rsp_demux: "mm_interconnect_1" instantiated altera_merlin_demultiplexer "rsp_demux"
Info: rsp_mux: "mm_interconnect_1" instantiated altera_merlin_multiplexer "rsp_mux"
Info: Reusing file C:/Users/Kille/Desktop/Design/systemfinal/synthesis/submodules/altera_merlin_arbitrator.sv
Info: border: "hps_io" instantiated altera_interface_generator "border"
Info: error_adapter_0: "avalon_st_adapter" instantiated error_adapter "error_adapter_0"
Info: systemfinal: Done "systemfinal" with 36 modules, 93 files
Info: qsys-generate succeeded.
Info: Finished: Create HDL design files for synthesis
