Info: Starting: Create block symbol file (.bsf)
Info: qsys-generate C:\Users\Kille\Desktop\Design\systemfinal.qsys --block-symbol-file --output-directory=C:\Users\Kille\Desktop\Design\systemfinal --family="Cyclone V" --part=5CSEMA5F31C6
Progress: Loading Design/systemfinal.qsys
Progress: Reading input file
Progress: Adding ARM_A9_HPS [altera_hps 20.1]
Progress: Parameterizing module ARM_A9_HPS
Progress: Adding Onship_SRAM [altera_avalon_onchip_memory2 20.1]
Progress: Parameterizing module Onship_SRAM
Progress: Adding System_PLL [altera_up_avalon_sys_sdram_pll 18.0]
Progress: Parameterizing module System_PLL
Progress: Adding clock_bridge_0 [altera_clock_bridge 20.1]
Progress: Parameterizing module clock_bridge_0
Progress: Adding clock_bridge_1 [altera_clock_bridge 20.1]
Progress: Parameterizing module clock_bridge_1
Progress: Adding control_to_FPGA [altera_avalon_pio 20.1]
Progress: Parameterizing module control_to_FPGA
Progress: Adding control_to_HPS [altera_avalon_pio 20.1]
Progress: Parameterizing module control_to_HPS
Progress: Building connections
Progress: Parameterizing connections
Progress: Validating
Progress: Done reading input file
Info: systemfinal.ARM_A9_HPS: HPS Main PLL counter settings: n = 0  m = 73
Info: systemfinal.ARM_A9_HPS: HPS peripherial PLL counter settings: n = 0  m = 39
Warning: systemfinal.ARM_A9_HPS: "Configuration/HPS-to-FPGA user 0 clock frequency" (desired_cfg_clk_mhz) requested 100.0 MHz, but only achieved 97.368421 MHz
Warning: systemfinal.ARM_A9_HPS: 1 or more output clock frequencies cannot be achieved precisely, consider revising desired output clock frequencies.
Warning: systemfinal.ARM_A9_HPS: set_interface_assignment: Interface "hps_io" does not exist
Info: systemfinal.System_PLL: Refclk Freq: 50.0
Info: systemfinal.control_to_HPS: PIO inputs are not hardwired in test bench. Undefined values will be read from PIO inputs during simulation.
Warning: systemfinal.: You have exported the interface Onship_SRAM.s1 but not its associated reset interface.  Export the driver(s) of Onship_SRAM.reset1
Info: qsys-generate succeeded.
Info: Finished: Create block symbol file (.bsf)
Info: 
Info: Starting: Create HDL design files for synthesis
Info: qsys-generate C:\Users\Kille\Desktop\Design\systemfinal.qsys --synthesis=VERILOG --output-directory=C:\Users\Kille\Desktop\Design\systemfinal\synthesis --family="Cyclone V" --part=5CSEMA5F31C6
Progress: Loading Design/systemfinal.qsys
Progress: Reading input file
Progress: Adding ARM_A9_HPS [altera_hps 20.1]
Progress: Parameterizing module ARM_A9_HPS
Progress: Adding Onship_SRAM [altera_avalon_onchip_memory2 20.1]
Progress: Parameterizing module Onship_SRAM
Progress: Adding System_PLL [altera_up_avalon_sys_sdram_pll 18.0]
Progress: Parameterizing module System_PLL
Progress: Adding clock_bridge_0 [altera_clock_bridge 20.1]
Progress: Parameterizing module clock_bridge_0
Progress: Adding clock_bridge_1 [altera_clock_bridge 20.1]
Progress: Parameterizing module clock_bridge_1
Progress: Adding control_to_FPGA [altera_avalon_pio 20.1]
Progress: Parameterizing module control_to_FPGA
Progress: Adding control_to_HPS [altera_avalon_pio 20.1]
Progress: Parameterizing module control_to_HPS
Progress: Building connections
Progress: Parameterizing connections
Progress: Validating
Progress: Done reading input file
Info: systemfinal.ARM_A9_HPS: HPS Main PLL counter settings: n = 0  m = 73
Info: systemfinal.ARM_A9_HPS: HPS peripherial PLL counter settings: n = 0  m = 39
Warning: systemfinal.ARM_A9_HPS: "Configuration/HPS-to-FPGA user 0 clock frequency" (desired_cfg_clk_mhz) requested 100.0 MHz, but only achieved 97.368421 MHz
Warning: systemfinal.ARM_A9_HPS: 1 or more output clock frequencies cannot be achieved precisely, consider revising desired output clock frequencies.
Warning: systemfinal.ARM_A9_HPS: set_interface_assignment: Interface "hps_io" does not exist
Info: systemfinal.System_PLL: Refclk Freq: 50.0
Info: systemfinal.control_to_HPS: PIO inputs are not hardwired in test bench. Undefined values will be read from PIO inputs during simulation.
Warning: systemfinal.: You have exported the interface Onship_SRAM.s1 but not its associated reset interface.  Export the driver(s) of Onship_SRAM.reset1
Info: systemfinal: Generating systemfinal "systemfinal" for QUARTUS_SYNTH
Info: Interconnect is inserted between master ARM_A9_HPS.h2f_axi_master and slave Onship_SRAM.s2 because the master is of type axi and the slave is of type avalon.
Warning: ARM_A9_HPS.f2h_irq0: Cannot connect clock for irq_mapper.sender
Warning: ARM_A9_HPS.f2h_irq0: Cannot connect reset for irq_mapper.sender
Warning: ARM_A9_HPS.f2h_irq1: Cannot connect clock for irq_mapper_001.sender
Warning: ARM_A9_HPS.f2h_irq1: Cannot connect reset for irq_mapper_001.sender
Info: ARM_A9_HPS: "Running  for module: ARM_A9_HPS"
Info: ARM_A9_HPS: HPS Main PLL counter settings: n = 0  m = 73
Info: ARM_A9_HPS: HPS peripherial PLL counter settings: n = 0  m = 39
Warning: ARM_A9_HPS: "Configuration/HPS-to-FPGA user 0 clock frequency" (desired_cfg_clk_mhz) requested 100.0 MHz, but only achieved 97.368421 MHz
Warning: ARM_A9_HPS: 1 or more output clock frequencies cannot be achieved precisely, consider revising desired output clock frequencies.
Warning: ARM_A9_HPS: set_interface_assignment: Interface "hps_io" does not exist
Info: ARM_A9_HPS: "systemfinal" instantiated altera_hps "ARM_A9_HPS"
Info: Onship_SRAM: Starting RTL generation for module 'systemfinal_Onship_SRAM'
Info: Onship_SRAM:   Generation command is [exec C:/intelfpga/20.1/quartus/bin64/perl/bin/perl.exe -I C:/intelfpga/20.1/quartus/bin64/perl/lib -I C:/intelfpga/20.1/quartus/sopc_builder/bin/europa -I C:/intelfpga/20.1/quartus/sopc_builder/bin -I C:/intelfpga/20.1/quartus/../ip/altera/sopc_builder_ip/common -I C:/intelfpga/20.1/quartus/../ip/altera/sopc_builder_ip/altera_avalon_onchip_memory2 -- C:/intelfpga/20.1/quartus/../ip/altera/sopc_builder_ip/altera_avalon_onchip_memory2/generate_rtl.pl --name=systemfinal_Onship_SRAM --dir=C:/Users/Kille/AppData/Local/Temp/alt9484_1094693013698992479.dir/0002_Onship_SRAM_gen/ --quartus_dir=C:/intelfpga/20.1/quartus --verilog --config=C:/Users/Kille/AppData/Local/Temp/alt9484_1094693013698992479.dir/0002_Onship_SRAM_gen//systemfinal_Onship_SRAM_component_configuration.pl  --do_build_sim=0  ]
Info: Onship_SRAM: Done RTL generation for module 'systemfinal_Onship_SRAM'
Info: Onship_SRAM: "systemfinal" instantiated altera_avalon_onchip_memory2 "Onship_SRAM"
Info: System_PLL: "systemfinal" instantiated altera_up_avalon_sys_sdram_pll "System_PLL"
Info: control_to_FPGA: Starting RTL generation for module 'systemfinal_control_to_FPGA'
Info: control_to_FPGA:   Generation command is [exec C:/intelfpga/20.1/quartus/bin64/perl/bin/perl.exe -I C:/intelfpga/20.1/quartus/bin64/perl/lib -I C:/intelfpga/20.1/quartus/sopc_builder/bin/europa -I C:/intelfpga/20.1/quartus/sopc_builder/bin -I C:/intelfpga/20.1/quartus/../ip/altera/sopc_builder_ip/common -I C:/intelfpga/20.1/quartus/../ip/altera/sopc_builder_ip/altera_avalon_pio -- C:/intelfpga/20.1/quartus/../ip/altera/sopc_builder_ip/altera_avalon_pio/generate_rtl.pl --name=systemfinal_control_to_FPGA --dir=C:/Users/Kille/AppData/Local/Temp/alt9484_1094693013698992479.dir/0003_control_to_FPGA_gen/ --quartus_dir=C:/intelfpga/20.1/quartus --verilog --config=C:/Users/Kille/AppData/Local/Temp/alt9484_1094693013698992479.dir/0003_control_to_FPGA_gen//systemfinal_control_to_FPGA_component_configuration.pl  --do_build_sim=0  ]
Info: control_to_FPGA: Done RTL generation for module 'systemfinal_control_to_FPGA'
Info: control_to_FPGA: "systemfinal" instantiated altera_avalon_pio "control_to_FPGA"
Info: control_to_HPS: Starting RTL generation for module 'systemfinal_control_to_HPS'
Info: control_to_HPS:   Generation command is [exec C:/intelfpga/20.1/quartus/bin64/perl/bin/perl.exe -I C:/intelfpga/20.1/quartus/bin64/perl/lib -I C:/intelfpga/20.1/quartus/sopc_builder/bin/europa -I C:/intelfpga/20.1/quartus/sopc_builder/bin -I C:/intelfpga/20.1/quartus/../ip/altera/sopc_builder_ip/common -I C:/intelfpga/20.1/quartus/../ip/altera/sopc_builder_ip/altera_avalon_pio -- C:/intelfpga/20.1/quartus/../ip/altera/sopc_builder_ip/altera_avalon_pio/generate_rtl.pl --name=systemfinal_control_to_HPS --dir=C:/Users/Kille/AppData/Local/Temp/alt9484_1094693013698992479.dir/0004_control_to_HPS_gen/ --quartus_dir=C:/intelfpga/20.1/quartus --verilog --config=C:/Users/Kille/AppData/Local/Temp/alt9484_1094693013698992479.dir/0004_control_to_HPS_gen//systemfinal_control_to_HPS_component_configuration.pl  --do_build_sim=0  ]
Info: control_to_HPS: Done RTL generation for module 'systemfinal_control_to_HPS'
Info: control_to_HPS: "systemfinal" instantiated altera_avalon_pio "control_to_HPS"
Info: avalon_st_adapter: Inserting error_adapter: error_adapter_0
Info: mm_interconnect_0: "systemfinal" instantiated altera_mm_interconnect "mm_interconnect_0"
Info: avalon_st_adapter: Inserting error_adapter: error_adapter_0
Info: avalon_st_adapter_001: Inserting error_adapter: error_adapter_0
Info: mm_interconnect_1: "systemfinal" instantiated altera_mm_interconnect "mm_interconnect_1"
Info: irq_mapper: "systemfinal" instantiated altera_irq_mapper "irq_mapper"
Info: rst_controller: "systemfinal" instantiated altera_reset_controller "rst_controller"
Info: fpga_interfaces: "ARM_A9_HPS" instantiated altera_interface_generator "fpga_interfaces"
Info: hps_io: "ARM_A9_HPS" instantiated altera_hps_io "hps_io"
Info: sys_pll: "System_PLL" instantiated altera_pll "sys_pll"
Info: reset_from_locked: "System_PLL" instantiated altera_up_avalon_reset_from_locked_signal "reset_from_locked"
Info: Onship_SRAM_s2_translator: "mm_interconnect_0" instantiated altera_merlin_slave_translator "Onship_SRAM_s2_translator"
Info: ARM_A9_HPS_h2f_axi_master_agent: "mm_interconnect_0" instantiated altera_merlin_axi_master_ni "ARM_A9_HPS_h2f_axi_master_agent"
Info: Onship_SRAM_s2_agent: "mm_interconnect_0" instantiated altera_merlin_slave_agent "Onship_SRAM_s2_agent"
Info: Onship_SRAM_s2_agent_rsp_fifo: "mm_interconnect_0" instantiated altera_avalon_sc_fifo "Onship_SRAM_s2_agent_rsp_fifo"
Info: router: "mm_interconnect_0" instantiated altera_merlin_router "router"
Info: router_002: "mm_interconnect_0" instantiated altera_merlin_router "router_002"
Info: Onship_SRAM_s2_burst_adapter: "mm_interconnect_0" instantiated altera_merlin_burst_adapter "Onship_SRAM_s2_burst_adapter"
Info: Reusing file C:/Users/Kille/Desktop/Design/systemfinal/synthesis/submodules/altera_merlin_address_alignment.sv
Info: cmd_demux: "mm_interconnect_0" instantiated altera_merlin_demultiplexer "cmd_demux"
Info: cmd_mux: "mm_interconnect_0" instantiated altera_merlin_multiplexer "cmd_mux"
Info: rsp_demux: "mm_interconnect_0" instantiated altera_merlin_demultiplexer "rsp_demux"
Info: rsp_mux: "mm_interconnect_0" instantiated altera_merlin_multiplexer "rsp_mux"
Info: Reusing file C:/Users/Kille/Desktop/Design/systemfinal/synthesis/submodules/altera_merlin_arbitrator.sv
Info: Onship_SRAM_s2_rsp_width_adapter: "mm_interconnect_0" instantiated altera_merlin_width_adapter "Onship_SRAM_s2_rsp_width_adapter"
Info: Reusing file C:/Users/Kille/Desktop/Design/systemfinal/synthesis/submodules/altera_merlin_address_alignment.sv
Info: Reusing file C:/Users/Kille/Desktop/Design/systemfinal/synthesis/submodules/altera_merlin_burst_uncompressor.sv
Info: avalon_st_adapter: "mm_interconnect_0" instantiated altera_avalon_st_adapter "avalon_st_adapter"
Info: router: "mm_interconnect_1" instantiated altera_merlin_router "router"
Info: router_002: "mm_interconnect_1" instantiated altera_merlin_router "router_002"
Info: ARM_A9_HPS_h2f_lw_axi_master_wr_limiter: "mm_interconnect_1" instantiated altera_merlin_traffic_limiter "ARM_A9_HPS_h2f_lw_axi_master_wr_limiter"
Info: Reusing file C:/Users/Kille/Desktop/Design/systemfinal/synthesis/submodules/altera_avalon_sc_fifo.v
Info: Reusing file C:/Users/Kille/Desktop/Design/systemfinal/synthesis/submodules/altera_avalon_st_pipeline_base.v
Info: cmd_demux: "mm_interconnect_1" instantiated altera_merlin_demultiplexer "cmd_demux"
Info: cmd_mux: "mm_interconnect_1" instantiated altera_merlin_multiplexer "cmd_mux"
Info: Reusing file C:/Users/Kille/Desktop/Design/systemfinal/synthesis/submodules/altera_merlin_arbitrator.sv
Info: rsp_demux: "mm_interconnect_1" instantiated altera_merlin_demultiplexer "rsp_demux"
Info: rsp_mux: "mm_interconnect_1" instantiated altera_merlin_multiplexer "rsp_mux"
Info: Reusing file C:/Users/Kille/Desktop/Design/systemfinal/synthesis/submodules/altera_merlin_arbitrator.sv
Info: border: "hps_io" instantiated altera_interface_generator "border"
Info: error_adapter_0: "avalon_st_adapter" instantiated error_adapter "error_adapter_0"
Info: systemfinal: Done "systemfinal" with 36 modules, 93 files
Info: qsys-generate succeeded.
Info: Finished: Create HDL design files for synthesis
